  [FILE]  crÃĐÃĐ sxog3z.yaml
  [GIT]   pushed: chore: reset + 4 new files [2026-04-04 14:12:01]
[2026-04-04 14:12:01] run complete â 4 fichiers gÃĐnÃĐrÃĐs
  [CLEAN] anciens fichiers supprimÃĐs
  [FILE]  crÃĐÃĐ clkqhq.log
  [FILE]  crÃĐÃĐ oquaak.md
  [FILE]  crÃĐÃĐ 7g8762.yaml
  [FILE]  crÃĐÃĐ ljjk80.log
  [GIT]   pushed: chore: reset + 4 new files [2026-04-04 14:13:01]
[2026-04-04 14:13:01] run complete â 4 fichiers gÃĐnÃĐrÃĐs
  [CLEAN] anciens fichiers supprimÃĐs
  [FILE]  crÃĐÃĐ pz2cu9.md
  [FILE]  crÃĐÃĐ wfj854.yaml
  [FILE]  crÃĐÃĐ xd8mvw.log
  [FILE]  crÃĐÃĐ ps706d.md
  [GIT]   pushed: chore: reset + 4 new files [2026-04-04 14:14:01]
[2026-04-04 14:14:01] run complete â 4 fichiers gÃĐnÃĐrÃĐs
  [CLEAN] anciens fichiers supprimÃĐs
  [FILE]  crÃĐÃĐ iax0ch.json
  [FILE]  crÃĐÃĐ 6rxddr.json
  [FILE]  crÃĐÃĐ wdd667.log
  [FILE]  crÃĐÃĐ 3rjygk.txt
  [GIT]   pushed: chore: reset + 4 new files [2026-04-04 14:15:01]
[2026-04-04 14:15:01] run complete â 4 fichiers gÃĐnÃĐrÃĐs
  [CLEAN] anciens fichiers supprimÃĐs
  [FILE]  crÃĐÃĐ mshhpc.txt
  [FILE]  crÃĐÃĐ p1zkl6.txt
  [FILE]  crÃĐÃĐ qhh17k.csv
  [FILE]  crÃĐÃĐ j1bl81.md
  [GIT]   pushed: chore: reset + 4 new files [2026-04-04 14:16:01]
[2026-04-04 14:16:01] run complete â 4 fichiers gÃĐnÃĐrÃĐs
  [CLEAN] anciens fichiers supprimÃĐs
  [FILE]  crÃĐÃĐ gm76be.txt
  [FILE]  crÃĐÃĐ q946ys.csv
  [FILE]  crÃĐÃĐ hytxf2.json
  [FILE]  crÃĐÃĐ p84l74.yaml
  [GIT]   pushed: chore: reset + 4 new files [2026-04-04 14:17:01]
[2026-04-04 14:17:01] run complete â 4 fichiers gÃĐnÃĐrÃĐs
  [CLEAN] anciens fichiers supprimÃĐs
  [FILE]  crÃĐÃĐ 8hm7k2.json
  [FILE]  crÃĐÃĐ 8khcrf.txt
  [FILE]  crÃĐÃĐ r8bkma.md
  [FILE]  crÃĐÃĐ 275ex9.md
  [GIT]   pushed: chore: reset + 4 new files [2026-04-04 14:18:01]
[2026-04-04 14:18:01] run complete â 4 fichiers gÃĐnÃĐrÃĐs
  [CLEAN] anciens fichiers supprimÃĐs
  [FILE]  crÃĐÃĐ s7qlfp.yaml
  [FILE]  crÃĐÃĐ rpw899.yaml
  [FILE]  crÃĐÃĐ 3687iy.yaml
  [FILE]  crÃĐÃĐ 4lymks.json
  [GIT]   pushed: chore: reset + 4 new files [2026-04-04 14:19:01]
[2026-04-04 14:19:01] run complete â 4 fichiers gÃĐnÃĐrÃĐs
  [CLEAN] anciens fichiers supprimÃĐs
  [FILE]  crÃĐÃĐ 6towai.json
  [FILE]  crÃĐÃĐ 7hw0lc.yaml
  [FILE]  crÃĐÃĐ tmqn0g.yaml
  [FILE]  crÃĐÃĐ 8kcyal.txt
  [GIT]   pushed: chore: reset + 4 new files [2026-04-04 14:20:01]
[2026-04-04 14:20:01] run complete â 4 fichiers gÃĐnÃĐrÃĐs
  [CLEAN] anciens fichiers supprimÃĐs
  [FILE]  crÃĐÃĐ pcjqzw.log
  [FILE]  crÃĐÃĐ g562sd.md
  [FILE]  crÃĐÃĐ l8fbta.csv
  [FILE]  crÃĐÃĐ z0ige8.txt
  [GIT]   pushed: chore: reset + 4 new files [2026-04-04 14:21:01]
[2026-04-04 14:21:01] run complete â 4 fichiers gÃĐnÃĐrÃĐs
  [CLEAN] anciens fichiers supprimÃĐs
  [FILE]  crÃĐÃĐ 1wuy97.log
  [FILE]  crÃĐÃĐ 5bp9sr.yaml
  [FILE]  crÃĐÃĐ dwh954.md
  [FILE]  crÃĐÃĐ o19h8s.md
  [GIT]   pushed: chore: reset + 4 new files [2026-04-04 14:22:01]
[2026-04-04 14:22:01] run complete â 4 fichiers gÃĐnÃĐrÃĐs
  [CLEAN] anciens fichiers supprimÃĐs
  [FILE]  crÃĐÃĐ h08t2d.log
  [FILE]  crÃĐÃĐ nhuto0.log
  [FILE]  crÃĐÃĐ 70f2ur.log
  [FILE]  crÃĐÃĐ ds2rq6.json
  [GIT]   pushed: chore: reset + 4 new files [2026-04-04 14:23:01]
[2026-04-04 14:23:01] run complete â 4 fichiers gÃĐnÃĐrÃĐs
  [CLEAN] anciens fichiers supprimÃĐs
  [FILE]  crÃĐÃĐ ks9zbe.txt
  [FILE]  crÃĐÃĐ ls3y52.md
  [FILE]  crÃĐÃĐ 7xsv8p.log
  [FILE]  crÃĐÃĐ shv5p2.md
  [GIT]   pushed: chore: reset + 4 new files [2026-04-04 14:24:01]
[2026-04-04 14:24:01] run complete â 4 fichiers gÃĐnÃĐrÃĐs
  [CLEAN] anciens fichiers supprimÃĐs
  [FILE]  crÃĐÃĐ xymigb.txt
  [FILE]  crÃĐÃĐ x1yikf.json
  [FILE]  crÃĐÃĐ ucjwqp.txt
  [FILE]  crÃĐÃĐ ky5kmc.json
  [GIT]   pushed: chore: reset + 4 new files [2026-04-04 14:25:01]
[2026-04-04 14:25:01] run complete â 4 fichiers gÃĐnÃĐrÃĐs
  [CLEAN] anciens fichiers supprimÃĐs
  [FILE]  crÃĐÃĐ kixtrj.yaml
  [FILE]  crÃĐÃĐ p2gfxl.md
  [FILE]  crÃĐÃĐ pvj1k4.yaml
  [FILE]  crÃĐÃĐ nzmdib.yaml
  [GIT]   pushed: chore: reset + 4 new files [2026-04-04 14:26:01]
[2026-04-04 14:26:01] run complete â 4 fichiers gÃĐnÃĐrÃĐs
  [CLEAN] anciens fichiers supprimÃĐs
  [FILE]  crÃĐÃĐ xatrfe.csv
  [FILE]  crÃĐÃĐ 6wjul1.csv
  [FILE]  crÃĐÃĐ ac3sdf.yaml
  [FILE]  crÃĐÃĐ hiy5lc.txt
  [GIT]   pushed: chore: reset + 4 new files [2026-04-04 14:27:01]
[2026-04-04 14:27:01] run complete â 4 fichiers gÃĐnÃĐrÃĐs
  [CLEAN] anciens fichiers supprimÃĐs
  [FILE]  crÃĐÃĐ 6su94k.yaml
  [FILE]  crÃĐÃĐ pmgv71.txt
  [FILE]  crÃĐÃĐ vh4714.txt
  [FILE]  crÃĐÃĐ 9tivm8.md
  [GIT]   pushed: chore: reset + 4 new files [2026-04-04 14:28:02]
[2026-04-04 14:28:02] run complete â 4 fichiers gÃĐnÃĐrÃĐs
  [CLEAN] anciens fichiers supprimÃĐs
  [FILE]  crÃĐÃĐ kxwp4f.md
  [FILE]  crÃĐÃĐ 4iw6dj.yaml
  [FILE]  crÃĐÃĐ uc06ai.csv
  [FILE]  crÃĐÃĐ 5twvn8.csv
  [GIT]   pushed: chore: reset + 4 new files [2026-04-04 14:29:01]
[2026-04-04 14:29:01] run complete â 4 fichiers gÃĐnÃĐrÃĐs
  [CLEAN] anciens fichiers supprimÃĐs
  [FILE]  crÃĐÃĐ 7bho50.md
  [FILE]  crÃĐÃĐ 1vp5tj.yaml
  [FILE]  crÃĐÃĐ gmzubv.csv
  [FILE]  crÃĐÃĐ wpebch.log
  [GIT]   pushed: chore: reset + 4 new files [2026-04-04 14:30:02]
[2026-04-04 14:30:02] run complete â 4 fichiers gÃĐnÃĐrÃĐs
  [CLEAN] anciens fichiers supprimÃĐs
  [FILE]  crÃĐÃĐ k168rz.csv
  [FILE]  crÃĐÃĐ vkrjh4.log
  [FILE]  crÃĐÃĐ 4smkch.txt
  [FILE]  crÃĐÃĐ y5hudr.md
  [GIT]   pushed: chore: reset + 4 new files [2026-04-04 14:31:01]
[2026-04-04 14:31:01] run complete â 4 fichiers gÃĐnÃĐrÃĐs
  [CLEAN] anciens fichiers supprimÃĐs
  [FILE]  crÃĐÃĐ 9xm2cw.json
  [FILE]  crÃĐÃĐ 0f5ply.md
  [FILE]  crÃĐÃĐ iikb0m.yaml
  [FILE]  crÃĐÃĐ vn8azc.log
  [GIT]   pushed: chore: reset + 4 new files [2026-04-04 14:32:01]
[2026-04-04 14:32:01] run complete â 4 fichiers gÃĐnÃĐrÃĐs
  [CLEAN] anciens fichiers supprimÃĐs
  [FILE]  crÃĐÃĐ j22x05.md
  [FILE]  crÃĐÃĐ ffqduu.csv
  [FILE]  crÃĐÃĐ g293xk.md
  [FILE]  crÃĐÃĐ w3u6c1.txt
  [GIT]   pushed: chore: reset + 4 new files [2026-04-04 14:33:01]
[2026-04-04 14:33:01] run complete â 4 fichiers gÃĐnÃĐrÃĐs
  [CLEAN] anciens fichiers supprimÃĐs
  [FILE]  crÃĐÃĐ klsmka.csv
  [FILE]  crÃĐÃĐ deqfg5.md
  [FILE]  crÃĐÃĐ 3m7b72.csv
  [FILE]  crÃĐÃĐ blgek7.json
  [GIT]   pushed: chore: reset + 4 new files [2026-04-04 14:34:01]
[2026-04-04 14:34:01] run complete â 4 fichiers gÃĐnÃĐrÃĐs
  [CLEAN] anciens fichiers supprimÃĐs
  [FILE]  crÃĐÃĐ u771zf.yaml
  [FILE]  crÃĐÃĐ bygb59.csv
  [FILE]  crÃĐÃĐ sl67jt.md
  [FILE]  crÃĐÃĐ grtdlk.txt
  [GIT]   pushed: chore: reset + 4 new files [2026-04-04 14:35:01]
[2026-04-04 14:35:01] run complete â 4 fichiers gÃĐnÃĐrÃĐs
  [CLEAN] anciens fichiers supprimÃĐs
  [FILE]  crÃĐÃĐ n5uzag.json
  [FILE]  crÃĐÃĐ iz2usf.log
  [FILE]  crÃĐÃĐ 2pfpd5.yaml
  [FILE]  crÃĐÃĐ leb349.csv
  [GIT]   pushed: chore: reset + 4 new files [2026-04-04 14:36:01]
[2026-04-04 14:36:01] run complete â 4 fichiers gÃĐnÃĐrÃĐs
  [CLEAN] anciens fichiers supprimÃĐs
  [FILE]  crÃĐÃĐ cp05fd.yaml
  [FILE]  crÃĐÃĐ 071n2r.log
  [FILE]  crÃĐÃĐ ck2kuo.log
  [FILE]  crÃĐÃĐ a2mvxc.md
  [GIT]   pushed: chore: reset + 4 new files [2026-04-04 14:37:01]
[2026-04-04 14:37:01] run complete â 4 fichiers gÃĐnÃĐrÃĐs
  [CLEAN] anciens fichiers supprimÃĐs
  [FILE]  crÃĐÃĐ 1wnlap.log
  [FILE]  crÃĐÃĐ 653dc5.log
  [FILE]  crÃĐÃĐ xlxjxb.yaml
  [FILE]  crÃĐÃĐ akysex.csv
  [GIT]   pushed: chore: reset + 4 new files [2026-04-04 14:38:01]
[2026-04-04 14:38:01] run complete â 4 fichiers gÃĐnÃĐrÃĐs
  [CLEAN] anciens fichiers supprimÃĐs
  [FILE]  crÃĐÃĐ ocaicu.yaml
  [FILE]  crÃĐÃĐ doyl8x.log
  [FILE]  crÃĐÃĐ rmxagw.log
  [FILE]  crÃĐÃĐ jl9ank.json
  [GIT]   pushed: chore: reset + 4 new files [2026-04-04 14:39:01]
[2026-04-04 14:39:01] run complete â 4 fichiers gÃĐnÃĐrÃĐs
  [CLEAN] anciens fichiers supprimÃĐs
  [FILE]  crÃĐÃĐ isnae1.md
  [FILE]  crÃĐÃĐ mv0fwd.yaml
  [FILE]  crÃĐÃĐ z5d83o.json
  [FILE]  crÃĐÃĐ l4xlzu.log
  [GIT]   pushed: chore: reset + 4 new files [2026-04-04 14:40:01]
[2026-04-04 14:40:01] run complete â 4 fichiers gÃĐnÃĐrÃĐs
  [CLEAN] anciens fichiers supprimÃĐs
  [FILE]  crÃĐÃĐ os9y4m.json
  [FILE]  crÃĐÃĐ 6avu2r.yaml
  [FILE]  crÃĐÃĐ lkp2mw.csv
  [FILE]  crÃĐÃĐ enkbvv.yaml
  [GIT]   pushed: chore: reset + 4 new files [2026-04-04 14:41:01]
[2026-04-04 14:41:01] run complete â 4 fichiers gÃĐnÃĐrÃĐs
  [CLEAN] anciens fichiers supprimÃĐs
  [FILE]  crÃĐÃĐ 02anxy.csv
  [FILE]  crÃĐÃĐ 9bctp8.json
  [FILE]  crÃĐÃĐ bwyezp.csv
  [FILE]  crÃĐÃĐ i3xh20.yaml
  [GIT]   pushed: chore: reset + 4 new files [2026-04-04 14:42:02]
[2026-04-04 14:42:02] run complete â 4 fichiers gÃĐnÃĐrÃĐs
  [CLEAN] anciens fichiers supprimÃĐs
  [FILE]  crÃĐÃĐ y9923r.csv
  [FILE]  crÃĐÃĐ w8cxaa.csv
  [FILE]  crÃĐÃĐ ehhly7.log
  [FILE]  crÃĐÃĐ wnjwqn.yaml
  [GIT]   pushed: chore: reset + 4 new files [2026-04-04 14:43:01]
[2026-04-04 14:43:01] run complete â 4 fichiers gÃĐnÃĐrÃĐs
  [CLEAN] anciens fichiers supprimÃĐs
  [FILE]  crÃĐÃĐ q8m23q.md
  [FILE]  crÃĐÃĐ 08kji0.log
  [FILE]  crÃĐÃĐ 5egl2k.log
  [FILE]  crÃĐÃĐ r7yr8o.json
  [GIT]   pushed: chore: reset + 4 new files [2026-04-04 14:44:01]
[2026-04-04 14:44:01] run complete â 4 fichiers gÃĐnÃĐrÃĐs
  [CLEAN] anciens fichiers supprimÃĐs
  [FILE]  crÃĐÃĐ lbpnhs.md
  [FILE]  crÃĐÃĐ khvp04.txt
  [FILE]  crÃĐÃĐ tmg7kv.md
  [FILE]  crÃĐÃĐ gmwwfg.yaml
  [GIT]   pushed: chore: reset + 4 new files [2026-04-04 14:45:01]
[2026-04-04 14:45:01] run complete â 4 fichiers gÃĐnÃĐrÃĐs
  [CLEAN] anciens fichiers supprimÃĐs
  [FILE]  crÃĐÃĐ 9gcykx.txt
  [FILE]  crÃĐÃĐ h8lmkv.txt
  [FILE]  crÃĐÃĐ g01a71.log
  [FILE]  crÃĐÃĐ xyubih.log
  [GIT]   pushed: chore: reset + 4 new files [2026-04-04 14:46:02]
[2026-04-04 14:46:02] run complete â 4 fichiers gÃĐnÃĐrÃĐs
  [CLEAN] anciens fichiers supprimÃĐs
  [FILE]  crÃĐÃĐ 7b65s4.txt
  [FILE]  crÃĐÃĐ muveoi.md
  [FILE]  crÃĐÃĐ qd12no.txt
  [FILE]  crÃĐÃĐ gz68k7.log
  [GIT]   pushed: chore: reset + 4 new files [2026-04-04 14:47:01]
[2026-04-04 14:47:01] run complete â 4 fichiers gÃĐnÃĐrÃĐs
  [CLEAN] anciens fichiers supprimÃĐs
  [FILE]  crÃĐÃĐ hep972.json
  [FILE]  crÃĐÃĐ bdhhk0.csv
  [FILE]  crÃĐÃĐ adh5b9.txt
  [FILE]  crÃĐÃĐ znggqr.md
  [GIT]   pushed: chore: reset + 4 new files [2026-04-04 14:48:01]
[2026-04-04 14:48:01] run complete â 4 fichiers gÃĐnÃĐrÃĐs
  [CLEAN] anciens fichiers supprimÃĐs
  [FILE]  crÃĐÃĐ g34jm7.log
  [FILE]  crÃĐÃĐ onfgcf.txt
  [FILE]  crÃĐÃĐ vpz4ys.yaml
  [FILE]  crÃĐÃĐ dxy5uj.log
  [GIT]   pushed: chore: reset + 4 new files [2026-04-04 14:49:01]
[2026-04-04 14:49:01] run complete â 4 fichiers gÃĐnÃĐrÃĐs
  [CLEAN] anciens fichiers supprimÃĐs
  [FILE]  crÃĐÃĐ fol22d.log
  [FILE]  crÃĐÃĐ hhy53z.yaml
  [FILE]  crÃĐÃĐ 7fjayf.csv
  [FILE]  crÃĐÃĐ bh8tfi.csv
  [GIT]   pushed: chore: reset + 4 new files [2026-04-04 14:50:01]
[2026-04-04 14:50:01] run complete â 4 fichiers gÃĐnÃĐrÃĐs
  [CLEAN] anciens fichiers supprimÃĐs
  [FILE]  crÃĐÃĐ kg2djv.md
  [FILE]  crÃĐÃĐ qmo13c.csv
  [FILE]  crÃĐÃĐ q7hisi.txt
  [FILE]  crÃĐÃĐ 3ldqg7.txt
  [GIT]   pushed: chore: reset + 4 new files [2026-04-04 14:51:01]
[2026-04-04 14:51:01] run complete â 4 fichiers gÃĐnÃĐrÃĐs
  [CLEAN] anciens fichiers supprimÃĐs
  [FILE]  crÃĐÃĐ ix59sl.log
  [FILE]  crÃĐÃĐ jt99w3.yaml
  [FILE]  crÃĐÃĐ gpt961.txt
  [FILE]  crÃĐÃĐ 9o4wxb.md
  [GIT]   pushed: chore: reset + 4 new files [2026-04-04 14:52:01]
[2026-04-04 14:52:01] run complete â 4 fichiers gÃĐnÃĐrÃĐs
  [CLEAN] anciens fichiers supprimÃĐs
  [FILE]  crÃĐÃĐ w8wp6k.json
  [FILE]  crÃĐÃĐ 2191m6.md
  [FILE]  crÃĐÃĐ 8ys8wk.log
  [FILE]  crÃĐÃĐ a0fg1t.yaml
  [GIT]   pushed: chore: reset + 4 new files [2026-04-04 14:53:01]
[2026-04-04 14:53:01] run complete â 4 fichiers gÃĐnÃĐrÃĐs
  [CLEAN] anciens fichiers supprimÃĐs
  [FILE]  crÃĐÃĐ ocua6p.txt
  [FILE]  crÃĐÃĐ ejgmen.txt
  [FILE]  crÃĐÃĐ qvgvs7.json
  [FILE]  crÃĐÃĐ 3hzqm3.txt
  [GIT]   pushed: chore: reset + 4 new files [2026-04-04 14:54:01]
[2026-04-04 14:54:01] run complete â 4 fichiers gÃĐnÃĐrÃĐs
  [CLEAN] anciens fichiers supprimÃĐs
  [FILE]  crÃĐÃĐ wir7qx.json
  [FILE]  crÃĐÃĐ 0ktdsm.json
  [FILE]  crÃĐÃĐ ana4bs.log
  [FILE]  crÃĐÃĐ agxege.log
  [GIT]   pushed: chore: reset + 4 new files [2026-04-04 14:55:02]
[2026-04-04 14:55:02] run complete â 4 fichiers gÃĐnÃĐrÃĐs
  [CLEAN] anciens fichiers supprimÃĐs
  [FILE]  crÃĐÃĐ e7libj.yaml
  [FILE]  crÃĐÃĐ fhj45u.yaml
  [FILE]  crÃĐÃĐ mlath1.csv
  [FILE]  crÃĐÃĐ ccglwm.csv
  [GIT]   pushed: chore: reset + 4 new files [2026-04-04 14:56:02]
[2026-04-04 14:56:02] run complete â 4 fichiers gÃĐnÃĐrÃĐs
  [CLEAN] anciens fichiers supprimÃĐs
  [FILE]  crÃĐÃĐ ea8opv.md
  [FILE]  crÃĐÃĐ ss9bsm.csv
  [FILE]  crÃĐÃĐ pucxfm.log
  [FILE]  crÃĐÃĐ vaxszx.txt
  [GIT]   pushed: chore: reset + 4 new files [2026-04-04 14:57:01]
[2026-04-04 14:57:01] run complete â 4 fichiers gÃĐnÃĐrÃĐs
  [CLEAN] anciens fichiers supprimÃĐs
  [FILE]  crÃĐÃĐ n0vbk2.yaml
  [FILE]  crÃĐÃĐ sknyof.txt
  [FILE]  crÃĐÃĐ iwc3a7.csv
  [FILE]  crÃĐÃĐ 2mgkpa.yaml
  [GIT]   pushed: chore: reset + 4 new files [2026-04-04 14:58:01]
[2026-04-04 14:58:01] run complete â 4 fichiers gÃĐnÃĐrÃĐs
  [CLEAN] anciens fichiers supprimÃĐs
  [FILE]  crÃĐÃĐ xggbax.log
  [FILE]  crÃĐÃĐ hxtne1.md
  [FILE]  crÃĐÃĐ 78ajpf.md
  [FILE]  crÃĐÃĐ sonadi.md
  [GIT]   pushed: chore: reset + 4 new files [2026-04-04 14:59:01]
[2026-04-04 14:59:01] run complete â 4 fichiers gÃĐnÃĐrÃĐs
  [CLEAN] anciens fichiers supprimÃĐs
  [FILE]  crÃĐÃĐ cccgit.csv
  [FILE]  crÃĐÃĐ hd2dzz.csv
  [FILE]  crÃĐÃĐ x3qhfx.log
  [FILE]  crÃĐÃĐ 7wi728.log
  [GIT]   pushed: chore: reset + 4 new files [2026-04-04 15:00:02]
[2026-04-04 15:00:02] run complete â 4 fichiers gÃĐnÃĐrÃĐs
  [CLEAN] anciens fichiers supprimÃĐs
  [FILE]  crÃĐÃĐ 3cb57t.md
  [FILE]  crÃĐÃĐ ys9mf7.csv
  [FILE]  crÃĐÃĐ petclk.csv
  [FILE]  crÃĐÃĐ 8r20ms.json
  [GIT]   pushed: chore: reset + 4 new files [2026-04-04 15:01:01]
[2026-04-04 15:01:01] run complete â 4 fichiers gÃĐnÃĐrÃĐs
  [CLEAN] anciens fichiers supprimÃĐs
  [FILE]  crÃĐÃĐ rgx2aa.md
  [FILE]  crÃĐÃĐ zhc03n.csv
  [FILE]  crÃĐÃĐ ex8g21.log
  [FILE]  crÃĐÃĐ su3a8e.txt
  [GIT]   pushed: chore: reset + 4 new files [2026-04-04 15:02:01]
[2026-04-04 15:02:01] run complete â 4 fichiers gÃĐnÃĐrÃĐs
  [CLEAN] anciens fichiers supprimÃĐs
  [FILE]  crÃĐÃĐ 4u59q6.yaml
  [FILE]  crÃĐÃĐ kju13r.txt
  [FILE]  crÃĐÃĐ 58ing4.csv
  [FILE]  crÃĐÃĐ qoglpo.yaml
  [GIT]   pushed: chore: reset + 4 new files [2026-04-04 15:03:01]
[2026-04-04 15:03:01] run complete â 4 fichiers gÃĐnÃĐrÃĐs
  [CLEAN] anciens fichiers supprimÃĐs
  [FILE]  crÃĐÃĐ sbmzkf.txt
  [FILE]  crÃĐÃĐ r0dmzx.md
  [FILE]  crÃĐÃĐ pqi4bf.csv
  [FILE]  crÃĐÃĐ e160op.txt
  [GIT]   pushed: chore: reset + 4 new files [2026-04-04 15:04:01]
[2026-04-04 15:04:01] run complete â 4 fichiers gÃĐnÃĐrÃĐs
  [CLEAN] anciens fichiers supprimÃĐs
  [FILE]  crÃĐÃĐ 83wzlt.json
  [FILE]  crÃĐÃĐ ui9f46.json
  [FILE]  crÃĐÃĐ jdlpx4.yaml
  [FILE]  crÃĐÃĐ dfcbdp.txt
  [GIT]   pushed: chore: reset + 4 new files [2026-04-04 15:05:01]
[2026-04-04 15:05:01] run complete â 4 fichiers gÃĐnÃĐrÃĐs
  [CLEAN] anciens fichiers supprimÃĐs
  [FILE]  crÃĐÃĐ z93w1r.csv
  [FILE]  crÃĐÃĐ xi6872.txt
  [FILE]  crÃĐÃĐ icmlwt.log
  [FILE]  crÃĐÃĐ srtpl3.txt
  [GIT]   pushed: chore: reset + 4 new files [2026-04-04 15:06:01]
[2026-04-04 15:06:01] run complete â 4 fichiers gÃĐnÃĐrÃĐs
  [CLEAN] anciens fichiers supprimÃĐs
  [FILE]  crÃĐÃĐ 8x6hr7.yaml
  [FILE]  crÃĐÃĐ cqa2ek.txt
  [FILE]  crÃĐÃĐ br8k27.json
  [FILE]  crÃĐÃĐ 7hxrl7.txt
  [GIT]   pushed: chore: reset + 4 new files [2026-04-04 15:07:02]
[2026-04-04 15:07:02] run complete â 4 fichiers gÃĐnÃĐrÃĐs
  [CLEAN] anciens fichiers supprimÃĐs
  [FILE]  crÃĐÃĐ hg2xid.txt
  [FILE]  crÃĐÃĐ jylt8d.json
  [FILE]  crÃĐÃĐ zo54q1.log
  [FILE]  crÃĐÃĐ 42ne45.json
  [GIT]   pushed: chore: reset + 4 new files [2026-04-04 15:08:01]
[2026-04-04 15:08:01] run complete â 4 fichiers gÃĐnÃĐrÃĐs
  [CLEAN] anciens fichiers supprimÃĐs
  [FILE]  crÃĐÃĐ k1zfmp.txt
  [FILE]  crÃĐÃĐ cm1d9d.yaml
  [FILE]  crÃĐÃĐ 9e2rte.yaml
  [FILE]  crÃĐÃĐ 8bjvki.csv
  [GIT]   pushed: chore: reset + 4 new files [2026-04-04 15:09:01]
[2026-04-04 15:09:01] run complete â 4 fichiers gÃĐnÃĐrÃĐs
  [CLEAN] anciens fichiers supprimÃĐs
  [FILE]  crÃĐÃĐ grazlg.log
  [FILE]  crÃĐÃĐ vo1fkf.log
  [FILE]  crÃĐÃĐ zxa4lp.log
  [FILE]  crÃĐÃĐ 37ao1z.yaml
  [GIT]   pushed: chore: reset + 4 new files [2026-04-04 15:10:02]
[2026-04-04 15:10:02] run complete â 4 fichiers gÃĐnÃĐrÃĐs
  [CLEAN] anciens fichiers supprimÃĐs
  [FILE]  crÃĐÃĐ g5dm9h.txt
  [FILE]  crÃĐÃĐ 6kyhk6.log
  [FILE]  crÃĐÃĐ ii5ryj.md
  [FILE]  crÃĐÃĐ qt5o3h.txt
  [GIT]   pushed: chore: reset + 4 new files [2026-04-04 15:11:02]
[2026-04-04 15:11:02] run complete â 4 fichiers gÃĐnÃĐrÃĐs
  [CLEAN] anciens fichiers supprimÃĐs
  [FILE]  crÃĐÃĐ r08dvq.json
  [FILE]  crÃĐÃĐ ziy60t.yaml
  [FILE]  crÃĐÃĐ 4q0m3n.txt
  [FILE]  crÃĐÃĐ ybseza.log
  [GIT]   pushed: chore: reset + 4 new files [2026-04-04 15:12:01]
[2026-04-04 15:12:01] run complete â 4 fichiers gÃĐnÃĐrÃĐs
  [CLEAN] anciens fichiers supprimÃĐs
  [FILE]  crÃĐÃĐ t1le87.md
  [FILE]  crÃĐÃĐ 4w6d3e.log
  [FILE]  crÃĐÃĐ vh1usw.csv
  [FILE]  crÃĐÃĐ ysol3t.json
  [GIT]   pushed: chore: reset + 4 new files [2026-04-04 15:13:01]
[2026-04-04 15:13:01] run complete â 4 fichiers gÃĐnÃĐrÃĐs
  [CLEAN] anciens fichiers supprimÃĐs
  [FILE]  crÃĐÃĐ pdjjxy.json
  [FILE]  crÃĐÃĐ dr0iev.md
  [FILE]  crÃĐÃĐ hi0b7q.csv
  [FILE]  crÃĐÃĐ b3r2im.md
  [GIT]   pushed: chore: reset + 4 new files [2026-04-04 15:14:01]
[2026-04-04 15:14:01] run complete â 4 fichiers gÃĐnÃĐrÃĐs
  [CLEAN] anciens fichiers supprimÃĐs
  [FILE]  crÃĐÃĐ kqi1bn.yaml
  [FILE]  crÃĐÃĐ jyo0a3.md
  [FILE]  crÃĐÃĐ ci5j8u.md
  [FILE]  crÃĐÃĐ ap0ese.yaml
  [GIT]   pushed: chore: reset + 4 new files [2026-04-04 15:15:01]
[2026-04-04 15:15:01] run complete â 4 fichiers gÃĐnÃĐrÃĐs
  [CLEAN] anciens fichiers supprimÃĐs
  [FILE]  crÃĐÃĐ yifi14.csv
  [FILE]  crÃĐÃĐ plvws7.log
  [FILE]  crÃĐÃĐ nvkvpw.csv
  [FILE]  crÃĐÃĐ ktcfxj.txt
  [GIT]   pushed: chore: reset + 4 new files [2026-04-04 15:16:01]
[2026-04-04 15:16:01] run complete â 4 fichiers gÃĐnÃĐrÃĐs
  [CLEAN] anciens fichiers supprimÃĐs
  [FILE]  crÃĐÃĐ q32vz9.md
  [FILE]  crÃĐÃĐ 4fk748.md
  [FILE]  crÃĐÃĐ z2mu4w.txt
  [FILE]  crÃĐÃĐ 62ymf7.csv
  [GIT]   pushed: chore: reset + 4 new files [2026-04-04 15:17:01]
[2026-04-04 15:17:01] run complete â 4 fichiers gÃĐnÃĐrÃĐs
  [CLEAN] anciens fichiers supprimÃĐs
  [FILE]  crÃĐÃĐ rjrkjc.md
  [FILE]  crÃĐÃĐ wnll7o.csv
  [FILE]  crÃĐÃĐ 7alwze.json
  [FILE]  crÃĐÃĐ psl1sy.txt
  [GIT]   pushed: chore: reset + 4 new files [2026-04-04 15:18:01]
[2026-04-04 15:18:01] run complete â 4 fichiers gÃĐnÃĐrÃĐs
  [CLEAN] anciens fichiers supprimÃĐs
  [FILE]  crÃĐÃĐ 4d903p.csv
  [FILE]  crÃĐÃĐ 26secu.log
  [FILE]  crÃĐÃĐ 9iu96w.txt
  [FILE]  crÃĐÃĐ t1j4db.log
  [GIT]   pushed: chore: reset + 4 new files [2026-04-04 15:19:01]
[2026-04-04 15:19:01] run complete â 4 fichiers gÃĐnÃĐrÃĐs
  [CLEAN] anciens fichiers supprimÃĐs
  [FILE]  crÃĐÃĐ 76vkq3.yaml
  [FILE]  crÃĐÃĐ 2tqowa.json
  [FILE]  crÃĐÃĐ 4eihnk.json
  [FILE]  crÃĐÃĐ e4seng.md
  [GIT]   pushed: chore: reset + 4 new files [2026-04-04 15:20:01]
[2026-04-04 15:20:01] run complete â 4 fichiers gÃĐnÃĐrÃĐs
  [CLEAN] anciens fichiers supprimÃĐs
  [FILE]  crÃĐÃĐ v9saga.json
  [FILE]  crÃĐÃĐ 70kast.md
  [FILE]  crÃĐÃĐ 6cicfv.log
  [FILE]  crÃĐÃĐ r5syvh.txt
  [GIT]   pushed: chore: reset + 4 new files [2026-04-04 15:21:01]
[2026-04-04 15:21:01] run complete â 4 fichiers gÃĐnÃĐrÃĐs
  [CLEAN] anciens fichiers supprimÃĐs
  [FILE]  crÃĐÃĐ eg72ua.log
  [FILE]  crÃĐÃĐ kq9fz2.log
  [FILE]  crÃĐÃĐ 5gygt0.json
  [FILE]  crÃĐÃĐ 16e47w.txt
  [GIT]   pushed: chore: reset + 4 new files [2026-04-04 15:22:01]
[2026-04-04 15:22:01] run complete â 4 fichiers gÃĐnÃĐrÃĐs
  [CLEAN] anciens fichiers supprimÃĐs
  [FILE]  crÃĐÃĐ 8wlbla.json
  [FILE]  crÃĐÃĐ vp3qho.yaml
  [FILE]  crÃĐÃĐ hz5g9r.log
  [FILE]  crÃĐÃĐ n4encp.log
  [GIT]   pushed: chore: reset + 4 new files [2026-04-04 15:23:01]
[2026-04-04 15:23:01] run complete â 4 fichiers gÃĐnÃĐrÃĐs
  [CLEAN] anciens fichiers supprimÃĐs
  [FILE]  crÃĐÃĐ l2exck.csv
  [FILE]  crÃĐÃĐ 4j90x2.md
  [FILE]  crÃĐÃĐ qd7n2g.md
  [FILE]  crÃĐÃĐ aj157u.log
